[2016-09-28 21:56:01] START
[2016-09-28 21:56:40] EDIT helloCaesar/views/default/index.html: -38
[2016-09-28 21:56:59] EDIT helloCaesar/views/default/index.html: -8
[2016-09-28 21:57:01] EDIT helloCaesar/views/default/index.html: 0
[2016-09-28 21:57:08] EDIT helloCaesar/views/default/index.html: 1
[2016-09-28 21:57:19] EDIT helloCaesar/views/default/index.html: 0
[2016-09-28 21:57:22] EDIT helloCaesar/views/default/index.html: 2
[2016-09-28 22:02:43] EDIT helloCaesar/controllers/default.py: -33
[2016-09-28 22:02:54] EDIT helloCaesar/views/default/index.html: 3
[2016-09-28 22:02:57] EDIT helloCaesar/views/default/index.html: 0
[2016-09-28 22:03:07] EDIT helloCaesar/controllers/default.py: -3
[2016-09-28 22:03:14] CREATE default/echo.html: 0
[2016-09-28 22:03:28] EDIT helloCaesar/views/default/index.html: 0
[2016-09-28 22:03:58] EDIT helloCaesar/views/default/index.html: 2
[2016-09-28 22:04:02] EDIT helloCaesar/views/default/index.html: 0
[2016-09-28 22:04:03] EDIT helloCaesar/views/default/index.html: 0
[2016-09-28 22:04:19] EDIT helloCaesar/views/default/index.html: 0
[2016-09-28 22:04:24] EDIT helloCaesar/views/default/index.html: 0
[2016-09-28 22:05:45] EDIT helloCaesar/views/default/echo.html: 2
[2016-09-28 22:06:43] EDIT helloCaesar/views/default/echo.html: 1
[2016-09-28 22:06:50] EDIT helloCaesar/views/default/echo.html: -2
[2016-09-28 22:06:59] EDIT helloCaesar/views/default/index.html: 0
[2016-09-28 22:07:11] EDIT helloCaesar/views/default/index.html: 1
[2016-09-28 22:07:31] EDIT helloCaesar/views/default/index.html: 0
[2016-09-28 22:07:48] EDIT helloCaesar/views/default/index.html: 1
[2016-09-28 22:08:08] EDIT helloCaesar/views/default/index.html: 0
[2016-09-28 22:08:50] EDIT helloCaesar/views/default/index.html: 1
[2016-09-28 22:09:09] EDIT helloCaesar/views/default/echo.html: 0
[2016-09-28 22:09:26] EDIT helloCaesar/views/default/echo.html: 0
[2016-09-28 22:11:05] EDIT helloCaesar/views/default/echo.html: 48
[2016-09-28 22:11:27] EDIT helloCaesar/views/default/echo.html: 0
[2016-09-28 22:12:50] EDIT helloCaesar/views/default/echo.html: 1
[2016-09-28 22:13:27] EDIT helloCaesar/views/default/echo.html: 1
[2016-09-28 22:13:34] EDIT helloCaesar/views/default/echo.html: -1
[2016-09-28 22:13:38] EDIT helloCaesar/views/default/echo.html: 0
[2016-09-28 22:14:35] EDIT helloCaesar/views/default/echo.html: 1
[2016-09-28 22:14:59] EDIT helloCaesar/views/default/echo.html: -27
[2016-09-28 22:15:09] EDIT helloCaesar/views/default/echo.html: 1
[2016-09-28 22:15:32] EDIT helloCaesar/views/default/echo.html: 5
[2016-09-28 22:15:42] EDIT helloCaesar/views/default/echo.html: 1
[2016-09-28 22:17:03] EDIT helloCaesar/views/default/echo.html: 22
[2016-09-28 22:17:14] EDIT helloCaesar/views/default/echo.html: 1
[2016-09-28 22:17:20] EDIT helloCaesar/views/default/echo.html: 1
[2016-09-28 22:17:30] EDIT helloCaesar/views/default/echo.html: 1
[2016-09-28 22:17:40] EDIT helloCaesar/views/default/echo.html: 1
[2016-09-28 22:18:40] EDIT helloCaesar/views/default/echo.html: 2
[2016-09-28 22:18:45] EDIT helloCaesar/views/default/echo.html: 0
[2016-09-28 22:18:45] EDIT helloCaesar/views/default/echo.html: 0
[2016-09-28 22:18:46] EDIT helloCaesar/views/default/echo.html: 0
[2016-09-28 22:19:21] EDIT helloCaesar/views/default/echo.html: 0
[2016-09-28 22:19:22] EDIT helloCaesar/views/default/echo.html: 0
[2016-09-28 22:19:28] EDIT helloCaesar/views/default/echo.html: 0
[2016-09-28 22:19:54] EDIT helloCaesar/views/default/echo.html: 0
[2016-09-28 22:20:01] EDIT helloCaesar/views/default/echo.html: 0
[2016-09-28 22:23:00] EDIT helloCaesar/views/default/echo.html: -1
[2016-09-28 22:23:02] EDIT helloCaesar/views/default/echo.html: -1
[2016-09-28 22:23:06] EDIT helloCaesar/views/default/echo.html: -1
[2016-09-28 22:23:14] EDIT helloCaesar/views/default/echo.html: -1
[2016-09-28 22:23:45] EDIT helloCaesar/views/default/echo.html: 0
[2016-09-28 22:25:45] EDIT helloCaesar/views/default/echo.html: 0
[2016-09-28 22:26:55] EDIT helloCaesar/views/default/echo.html: 1
[2016-09-28 22:27:13] EDIT helloCaesar/views/default/echo.html: -1
[2016-09-28 22:27:17] EDIT helloCaesar/views/default/echo.html: 0
[2016-09-28 22:28:18] EDIT helloCaesar/views/default/echo.html: 0
[2016-09-28 22:28:30] EDIT helloCaesar/views/default/echo.html: 0
[2016-09-28 22:29:27] EDIT helloCaesar/views/default/echo.html: 1
[2016-09-28 22:29:53] EDIT helloCaesar/views/default/echo.html: 0
[2016-09-28 22:31:12] EDIT helloCaesar/views/default/echo.html: -1
[2016-09-28 22:31:14] EDIT helloCaesar/views/default/echo.html: 0
[2016-09-28 22:33:05] EDIT helloCaesar/views/default/echo.html: 4
[2016-09-28 22:33:08] EDIT helloCaesar/views/default/echo.html: 0
[2016-09-28 22:33:55] EDIT helloCaesar/views/default/echo.html: -1
[2016-09-28 22:34:08] EDIT helloCaesar/views/default/echo.html: 1
[2016-09-28 22:34:27] EDIT helloCaesar/views/default/echo.html: 0
[2016-09-28 22:35:36] EDIT helloCaesar/views/default/echo.html: 2
[2016-09-28 22:35:42] EDIT helloCaesar/views/default/echo.html: -1
[2016-09-28 22:37:21] EDIT helloCaesar/views/default/echo.html: -1
[2016-09-28 22:38:15] EDIT helloCaesar/views/default/echo.html: 1
[2016-09-28 22:38:47] EDIT helloCaesar/views/default/echo.html: -5
[2016-09-28 22:42:34] EDIT helloCaesar/views/default/index.html: 5
[2016-09-28 22:42:39] EDIT helloCaesar/views/default/index.html: 0
[2016-09-28 22:42:54] EDIT helloCaesar/views/default/index.html: 0
[2016-09-28 22:43:20] EDIT helloCaesar/views/default/index.html: 2
[2016-09-28 22:43:35] EDIT helloCaesar/views/default/index.html: 0
[2016-09-28 22:43:47] EDIT helloCaesar/controllers/default.py: 2
[2016-09-28 22:44:13] CREATE default/decode.html: 0
[2016-09-28 22:44:29] EDIT helloCaesar/views/default/decode.html: 55
[2016-09-28 22:44:34] EDIT helloCaesar/views/default/decode.html: 0
[2016-09-28 22:44:36] EDIT helloCaesar/views/default/decode.html: -1
[2016-09-28 23:00:28] EDIT helloCaesar/views/default/decode.html: 1
[2016-09-28 23:00:49] EDIT helloCaesar/views/default/decode.html: 0
[2016-09-28 23:01:04] EDIT helloCaesar/views/default/decode.html: 0
[2016-09-28 23:02:05] EDIT helloCaesar/views/default/decode.html: 1
[2016-09-28 23:02:29] EDIT helloCaesar/views/default/decode.html: 0
[2016-09-28 23:02:32] EDIT helloCaesar/views/default/decode.html: 0
[2016-09-28 23:02:57] EDIT helloCaesar/views/default/decode.html: 0
[2016-09-28 23:03:43] EDIT helloCaesar/views/default/decode.html: 0
[2016-09-28 23:04:48] EDIT helloCaesar/views/default/decode.html: -17
[2016-09-28 23:06:10] EDIT helloCaesar/views/default/decode.html: 0
[2016-09-28 23:06:21] EDIT helloCaesar/views/default/decode.html: 0
[2016-09-28 23:06:33] EDIT helloCaesar/views/default/decode.html: 0
[2016-09-28 23:06:40] EDIT helloCaesar/views/default/decode.html: 0
[2016-09-28 23:06:56] EDIT helloCaesar/views/default/decode.html: 0
[2016-09-28 23:07:11] EDIT helloCaesar/views/default/decode.html: 0
[2016-09-28 23:07:29] EDIT helloCaesar/views/default/decode.html: 0
[2016-11-23 21:43:28] EDIT helloCaesar/views/default/index.html: 2
[2016-11-23 21:43:34] EDIT helloCaesar/views/default/index.html: 0
[2016-11-23 21:43:43] EDIT helloCaesar/views/default/index.html: 0
[2016-11-23 21:44:05] EDIT helloCaesar/views/default/decode.html: 1
[2016-11-23 21:45:56] EDIT helloCaesar/views/default/index.html: 3
[2016-11-23 21:46:08] EDIT helloCaesar/views/default/index.html: 0
[2016-11-23 21:46:27] EDIT helloCaesar/views/default/decode.html: 1
[2016-11-23 21:46:57] EDIT helloCaesar/views/default/decode.html: 1
[2016-11-23 21:47:54] EDIT helloCaesar/views/default/decode.html: 0
[2016-11-23 21:48:01] EDIT helloCaesar/views/default/decode.html: 0
[2016-11-23 21:48:25] EDIT helloCaesar/views/default/decode.html: 0
[2016-11-23 21:50:11] EDIT helloCaesar/views/default/decode.html: 1
[2016-11-23 21:50:35] EDIT helloCaesar/views/default/decode.html: -2
[2016-11-23 21:51:41] EDIT helloCaesar/views/default/decode.html: 1
[2016-11-23 21:52:02] EDIT helloCaesar/views/default/decode.html: 0
[2016-11-23 21:52:21] EDIT helloCaesar/views/default/decode.html: 0
[2016-11-23 21:52:36] EDIT helloCaesar/views/default/decode.html: 0
[2016-11-23 21:52:38] EDIT helloCaesar/views/default/decode.html: 0
[2016-11-23 21:53:10] EDIT helloCaesar/views/default/decode.html: 0
[2016-11-23 21:54:01] EDIT helloCaesar/views/default/decode.html: 1
[2016-11-23 21:55:26] EDIT helloCaesar/views/default/index.html: 0
[2016-11-23 21:55:33] EDIT helloCaesar/views/default/index.html: 0
[2016-11-23 21:55:41] EDIT helloCaesar/views/default/index.html: 1
[2016-11-23 21:55:49] EDIT helloCaesar/views/default/index.html: 0
[2016-11-23 21:55:59] EDIT helloCaesar/views/default/index.html: 0
[2016-11-23 21:56:10] EDIT helloCaesar/views/default/index.html: 0
[2016-11-23 21:56:12] EDIT helloCaesar/views/default/index.html: 0
[2016-11-23 21:56:34] EDIT helloCaesar/views/default/index.html: 1
[2016-11-23 21:56:35] EDIT helloCaesar/views/default/index.html: 0
[2016-11-23 21:56:44] EDIT helloCaesar/views/default/index.html: 0
[2016-11-23 21:56:51] EDIT helloCaesar/views/default/index.html: 1
[2016-11-23 21:58:11] EDIT helloCaesar/views/default/decode.html: -2
[2016-11-23 21:58:32] EDIT helloCaesar/views/default/decode.html: 11
[2016-11-23 22:00:22] EDIT helloCaesar/views/default/decode.html: 2
[2016-11-23 22:00:38] EDIT helloCaesar/views/default/decode.html: 0
[2016-11-23 22:01:02] EDIT helloCaesar/views/default/decode.html: 1
[2016-11-23 22:05:22] EDIT helloCaesar/views/default/decode.html: -4
[2016-11-23 22:05:37] EDIT helloCaesar/views/default/decode.html: 0
[2016-11-23 22:05:49] EDIT helloCaesar/views/default/index.html: 0
[2016-11-23 22:07:26] EDIT helloCaesar/views/default/decode.html: -1
[2016-11-23 22:07:55] EDIT helloCaesar/views/default/decode.html: -2
[2016-11-23 22:08:05] EDIT helloCaesar/views/default/decode.html: 0
[2016-11-23 22:08:33] EDIT helloCaesar/views/default/decode.html: -1
[2016-11-23 22:08:45] EDIT helloCaesar/views/default/decode.html: 0
[2016-11-23 22:08:50] EDIT helloCaesar/views/default/decode.html: 0
[2016-11-23 22:08:53] EDIT helloCaesar/views/default/decode.html: 0
[2016-11-23 22:08:53] EDIT helloCaesar/views/default/decode.html: 0
[2016-11-23 22:08:53] EDIT helloCaesar/views/default/decode.html: 0
[2016-11-23 22:08:53] EDIT helloCaesar/views/default/decode.html: 0
[2016-11-23 22:08:53] EDIT helloCaesar/views/default/decode.html: 0
[2016-11-23 22:08:53] EDIT helloCaesar/views/default/decode.html: 0
[2016-11-23 22:09:14] EDIT helloCaesar/views/default/decode.html: -1
[2016-11-23 22:11:05] EDIT helloCaesar/views/default/decode.html: 1
[2016-11-23 22:11:28] EDIT helloCaesar/views/default/decode.html: 0
[2016-11-23 22:12:11] EDIT helloCaesar/views/default/decode.html: 1
[2016-11-23 22:12:30] EDIT helloCaesar/views/default/decode.html: 0
[2016-11-23 22:13:14] EDIT helloCaesar/views/default/index.html: 0
[2016-11-23 22:13:49] EDIT helloCaesar/views/default/index.html: 0
[2016-11-23 22:14:27] EDIT helloCaesar/views/default/decode.html: 0
[2016-11-23 22:14:40] EDIT helloCaesar/views/default/decode.html: 0
[2016-11-23 22:14:51] EDIT helloCaesar/views/default/decode.html: 0
[2016-11-23 22:54:10] EDIT helloCaesar/views/default/decode.html: -1
[2016-11-23 22:54:13] EDIT helloCaesar/views/default/decode.html: 1
[2016-11-23 22:54:24] EDIT helloCaesar/views/default/decode.html: 0
[2016-11-23 22:56:12] EDIT helloCaesar/views/default/decode.html: 0
[2016-11-23 22:56:25] EDIT helloCaesar/views/default/decode.html: 0
[2016-11-23 23:04:35] EDIT helloCaesar/views/default/index.html: 0
[2016-11-23 23:14:10] EDIT helloCaesar/views/default/index.html: 30
[2016-11-23 23:14:24] EDIT helloCaesar/views/default/index.html: 0
[2016-11-23 23:39:28] EDIT helloCaesar/views/default/index.html: 0
[2016-11-23 23:39:48] EDIT helloCaesar/views/default/index.html: 0
[2016-11-23 23:40:18] EDIT helloCaesar/views/default/index.html: -30
[2016-11-23 23:44:35] EDIT helloCaesar/views/default/index.html: 0
[2016-11-23 23:45:17] EDIT helloCaesar/views/default/index.html: 4
[2016-11-23 23:45:52] EDIT helloCaesar/views/default/index.html: 10
[2016-11-23 23:46:06] CREATE default/v_echo.html: 0
[2016-11-23 23:46:20] EDIT helloCaesar/views/default/v_echo.html: 55
[2016-11-23 23:46:23] EDIT helloCaesar/views/default/v_echo.html: -55
[2016-11-23 23:46:46] EDIT helloCaesar/controllers/default.py: 2
[2016-11-23 23:47:24] EDIT helloCaesar/views/default/v_echo.html: 0
[2016-11-23 23:51:58] EDIT helloCaesar/views/default/v_echo.html: 32
[2016-11-23 23:52:09] EDIT helloCaesar/views/default/v_echo.html: 0
[2016-11-23 23:54:12] EDIT helloCaesar/views/default/v_echo.html: 1
[2016-11-23 23:54:36] EDIT helloCaesar/views/default/v_echo.html: 0
[2016-11-23 23:55:59] EDIT helloCaesar/views/default/v_echo.html: 0
[2016-11-23 23:56:36] EDIT helloCaesar/views/default/v_echo.html: 0
[2016-11-24 09:39:27] EDIT helloCaesar/controllers/default.py: 2
[2016-11-24 09:40:00] EDIT helloCaesar/controllers/default.py: 2
[2016-11-24 09:42:11] EDIT helloCaesar/controllers/default.py: 20
[2016-11-24 09:42:31] EDIT helloCaesar/controllers/default.py: 0
[2016-11-24 09:42:41] EDIT helloCaesar/controllers/default.py: 0
[2016-11-24 10:26:10] EDIT helloCaesar/controllers/default.py: 30
[2016-11-24 10:26:21] EDIT helloCaesar/controllers/default.py: 0
[2016-11-24 10:26:37] EDIT helloCaesar/controllers/default.py: 0
[2016-11-24 10:26:42] EDIT helloCaesar/controllers/default.py: -1
[2016-11-24 10:26:49] EDIT helloCaesar/controllers/default.py: -2
[2016-11-24 10:27:23] EDIT helloCaesar/controllers/default.py: 1
[2016-11-24 10:27:35] EDIT helloCaesar/controllers/default.py: 0
[2016-11-24 10:27:46] EDIT helloCaesar/controllers/default.py: 0
[2016-11-24 10:27:56] EDIT helloCaesar/controllers/default.py: 0
[2016-11-24 10:28:26] EDIT helloCaesar/controllers/default.py: 0
[2016-11-24 10:28:36] EDIT helloCaesar/controllers/default.py: -1
[2016-11-24 10:28:46] EDIT helloCaesar/controllers/default.py: 0
[2016-11-24 10:28:48] EDIT helloCaesar/controllers/default.py: 0
[2016-11-24 10:29:14] EDIT helloCaesar/views/default/echo.html: 0
[2016-11-24 10:29:29] EDIT helloCaesar/controllers/default.py: 0
[2016-11-24 10:29:39] EDIT helloCaesar/controllers/default.py: 0
[2016-11-24 10:31:38] EDIT helloCaesar/controllers/default.py: 16
[2016-11-24 10:31:48] EDIT helloCaesar/controllers/default.py: -3
[2016-11-24 10:31:49] EDIT helloCaesar/controllers/default.py: 0
[2016-11-24 10:31:55] EDIT helloCaesar/controllers/default.py: 0
[2016-11-24 10:31:59] EDIT helloCaesar/controllers/default.py: -1
[2016-11-24 10:32:02] EDIT helloCaesar/controllers/default.py: 0
[2016-11-24 10:32:36] EDIT helloCaesar/controllers/default.py: 1
[2016-11-24 10:32:40] EDIT helloCaesar/controllers/default.py: 0
[2016-11-24 10:32:41] EDIT helloCaesar/controllers/default.py: 0
[2016-11-24 10:32:44] EDIT helloCaesar/controllers/default.py: 0
[2016-11-24 10:32:45] EDIT helloCaesar/controllers/default.py: 0
[2016-11-24 10:32:51] EDIT helloCaesar/controllers/default.py: 0
[2016-11-24 10:32:52] EDIT helloCaesar/controllers/default.py: 0
[2016-11-24 10:33:03] EDIT helloCaesar/controllers/default.py: -1
[2016-11-24 10:33:04] EDIT helloCaesar/controllers/default.py: 0
[2016-11-24 10:33:05] EDIT helloCaesar/controllers/default.py: 0
[2016-11-24 10:33:12] EDIT helloCaesar/controllers/default.py: 1
[2016-11-24 10:33:14] EDIT helloCaesar/controllers/default.py: 0
[2016-11-24 10:33:15] EDIT helloCaesar/controllers/default.py: 1
[2016-11-24 10:33:16] EDIT helloCaesar/controllers/default.py: 1
[2016-11-24 10:33:18] EDIT helloCaesar/controllers/default.py: -1
[2016-11-24 10:33:20] EDIT helloCaesar/controllers/default.py: -1
[2016-11-24 10:33:21] EDIT helloCaesar/controllers/default.py: 0
[2016-11-24 10:33:21] EDIT helloCaesar/controllers/default.py: 0
[2016-11-24 10:33:25] EDIT helloCaesar/controllers/default.py: 0
[2016-11-24 10:34:25] EDIT helloCaesar/controllers/default.py: 0
[2016-11-24 10:34:26] EDIT helloCaesar/controllers/default.py: 0
[2016-11-24 10:34:29] EDIT helloCaesar/controllers/default.py: 0
[2016-11-24 10:34:42] EDIT helloCaesar/controllers/default.py: -1
[2016-11-24 10:35:15] EDIT helloCaesar/controllers/default.py: 0
[2016-11-24 10:35:19] EDIT helloCaesar/controllers/default.py: -1
[2016-11-24 10:38:52] EDIT helloCaesar/controllers/default.py: 0
[2016-11-24 10:38:59] EDIT helloCaesar/controllers/default.py: 0
[2016-11-24 10:39:06] EDIT helloCaesar/controllers/default.py: 0
[2016-11-24 10:39:07] EDIT helloCaesar/controllers/default.py: 0
[2016-11-24 10:39:07] EDIT helloCaesar/controllers/default.py: 0
[2016-11-24 10:39:07] EDIT helloCaesar/controllers/default.py: 0
[2016-11-24 10:39:21] EDIT helloCaesar/controllers/default.py: 0
[2016-11-24 10:39:21] EDIT helloCaesar/controllers/default.py: 0
[2016-11-24 10:39:21] EDIT helloCaesar/controllers/default.py: 0
[2016-11-24 10:39:31] EDIT helloCaesar/controllers/default.py: -9
[2016-11-24 10:39:48] EDIT helloCaesar/controllers/default.py: -3
[2016-11-24 10:40:07] EDIT helloCaesar/controllers/default.py: 0
[2016-11-24 10:59:27] EDIT helloCaesar/controllers/default.py: 0
[2016-11-24 11:00:20] EDIT helloCaesar/views/default/index.html: 12
[2016-11-24 11:02:21] EDIT helloCaesar/views/default/index.html: -3
[2016-11-24 11:02:35] EDIT helloCaesar/views/default/index.html: 0
[2016-11-24 11:02:58] EDIT helloCaesar/views/default/index.html: 2
[2016-11-24 11:03:42] EDIT helloCaesar/controllers/default.py: 2
[2016-11-24 11:04:40] EDIT helloCaesar/controllers/default.py: 1
[2016-11-24 11:04:59] EDIT helloCaesar/views/default/index.html: 0
[2016-11-24 11:05:41] EDIT helloCaesar/controllers/default.py: 1
[2016-11-24 11:05:53] EDIT helloCaesar/controllers/default.py: -4
[2016-11-24 11:06:51] EDIT helloCaesar/views/default/index.html: -11
[2016-11-24 11:08:05] EDIT helloCaesar/views/default/index.html: 11
[2016-11-24 11:08:21] EDIT helloCaesar/views/default/index.html: 0
[2016-11-24 11:08:32] EDIT helloCaesar/views/default/index.html: 0
[2016-11-24 11:08:39] EDIT helloCaesar/views/default/index.html: 0
[2016-11-24 11:08:40] EDIT helloCaesar/views/default/index.html: 0
[2016-11-24 11:09:08] EDIT helloCaesar/controllers/default.py: 2
[2016-11-24 11:09:11] EDIT helloCaesar/controllers/default.py: 0
[2016-11-24 11:11:23] EDIT helloCaesar/views/default/index.html: -11
[2016-11-24 11:15:42] EDIT helloCaesar/views/default/index.html: 5
[2016-11-24 11:16:06] EDIT helloCaesar/views/default/index.html: 0
[2016-11-24 11:16:27] EDIT helloCaesar/views/default/index.html: 0
[2016-11-24 11:16:40] EDIT helloCaesar/controllers/default.py: 1
[2016-11-24 11:17:30] EDIT helloCaesar/controllers/default.py: 0
[2016-11-24 11:17:53] EDIT helloCaesar/views/default/index.html: 1
[2016-11-24 11:18:18] EDIT helloCaesar/views/default/index.html: 0
[2016-11-24 11:19:06] EDIT helloCaesar/views/default/index.html: 4
[2016-11-24 11:19:18] EDIT helloCaesar/views/default/index.html: 0
[2016-11-24 11:19:21] EDIT helloCaesar/views/default/index.html: 0
[2016-11-24 11:19:21] EDIT helloCaesar/views/default/index.html: 0
[2016-11-24 11:19:21] EDIT helloCaesar/views/default/index.html: 0
[2016-11-24 11:19:59] EDIT helloCaesar/controllers/default.py: 1
[2016-11-24 11:20:30] CREATE default/v_decode.html: 0
[2016-11-24 11:21:01] EDIT helloCaesar/controllers/default.py: -1
[2016-11-24 11:21:04] EDIT helloCaesar/controllers/default.py: 0
[2016-11-24 11:21:28] EDIT helloCaesar/controllers/default.py: 0
[2016-11-24 11:22:10] EDIT helloCaesar/views/default/index.html: 0
[2016-11-24 11:24:32] EDIT helloCaesar/views/default/index.html: -1
[2016-11-24 11:24:42] EDIT helloCaesar/views/default/index.html: 0
[2016-11-24 11:24:50] EDIT helloCaesar/views/default/index.html: 0
[2016-11-24 11:28:21] EDIT helloCaesar/views/default/index.html: 0
[2016-11-24 11:37:24] EDIT helloCaesar/views/default/index.html.1: 25
[2016-11-24 11:40:53] EDIT helloCaesar/views/default/index.html.1: 17
[2016-11-24 11:41:51] EDIT helloCaesar/views/default/index.html.1: 0
[2016-11-24 11:42:11] EDIT helloCaesar/views/default/index.html.1: 0
[2016-11-24 11:42:27] EDIT helloCaesar/views/default/index.html.1: 0
[2016-11-24 11:42:32] EDIT helloCaesar/views/default/index.html.1: 0
[2016-11-24 11:43:05] EDIT helloCaesar/views/default/index.html.1: 0
[2016-11-24 11:43:21] EDIT helloCaesar/views/default/index.html.1: 0
[2016-11-24 11:43:44] EDIT helloCaesar/views/default/index.html.1: 0
[2016-11-24 11:43:58] EDIT helloCaesar/views/default/index.html.1: 0
[2016-11-24 11:44:04] EDIT helloCaesar/views/default/index.html: 33
[2016-11-24 11:44:58] EDIT helloCaesar/views/default/index.html: -6
[2016-11-24 11:44:59] EDIT helloCaesar/views/default/index.html: 0
[2016-11-24 11:47:25] EDIT helloCaesar/views/default/index.html: 264
[2016-11-24 11:48:26] EDIT helloCaesar/views/default/index.html: 0
[2016-11-24 11:48:51] EDIT helloCaesar/views/default/index.html: 0
[2016-11-24 11:49:03] EDIT helloCaesar/views/default/index.html: 0
[2016-11-24 11:49:38] EDIT helloCaesar/views/default/index.html: -3
[2016-11-24 11:50:06] EDIT helloCaesar/views/default/index.html: -20
[2016-11-24 11:50:25] EDIT helloCaesar/views/default/index.html: -9
[2016-11-24 11:51:13] EDIT helloCaesar/views/default/index.html: 0
[2016-11-24 11:51:25] EDIT helloCaesar/views/default/index.html: 0
[2016-11-24 11:52:15] EDIT helloCaesar/views/default/index.html: 0
[2016-11-24 11:52:48] EDIT helloCaesar/views/default/index.html: 0
[2016-11-24 11:53:06] EDIT helloCaesar/views/default/index.html: 0
[2016-11-24 11:53:20] EDIT helloCaesar/views/default/index.html: 0
[2016-11-24 11:53:32] EDIT helloCaesar/views/default/index.html: 0
[2016-11-24 12:02:27] EDIT helloCaesar/views/default/index.html: 0
[2016-11-24 12:06:11] EDIT helloCaesar/views/default/index.html: -61
[2016-11-24 12:08:21] EDIT helloCaesar/views/default/index.html: -2
[2016-11-24 12:09:17] EDIT helloCaesar/views/default/index.html: 0
[2016-11-24 12:10:16] EDIT helloCaesar/views/default/index.html: 0
[2016-11-24 12:10:41] EDIT helloCaesar/views/default/index.html: -1
[2017-01-04 22:08:56] EDIT helloCaesar/controllers/default.py: 0
